********************************************************************************
DUPLICATOR-LITE PACKAGE-LOG: 15/08/2020 8:12 PM
NOTICE: Do NOT post to public sites or forums 
********************************************************************************
VERSION:	1.3.36
WORDPRESS:	5.5
PHP INFO:	7.4.7 | SAPI: apache2handler
SERVER:		Apache/2.4.43 (Win64) OpenSSL/1.1.1g PHP/7.4.7 
PHP TIME LIMIT: (0) no time limit imposed 
PHP MAX MEMORY: 4294967296 (512M default) 
MEMORY STACK: 6MB

********************************************************************************
DATABASE:
********************************************************************************
BUILD MODE:   MYSQLDUMP
MYSQLTIMEOUT: 5000
MYSQLDUMP:    Is Supported
SQL CREATED: 20200725_carolinamontagne_cd005deedd662f977098_20200815201155_database.sql
SQL FILE SIZE: 6.27MB (6569765)
SQL FILE TIME: 2020-08-15 20:12:31
SQL RUNTIME: 2.99 sec.

********************************************************************************
ARCHIVE (ZIP):
********************************************************************************
ARCHIVE DIR:  C:/xampp/htdocs/CarolinaMontagne
ARCHIVE FILE: 20200725_carolinamontagne_cd005deedd662f977098_20200815201155_archive.zip
FILTERS: *ON*
DIRS:
	C:/xampp/htdocs/CarolinaMontagne/.git
	C:/xampp/htdocs/CarolinaMontagne/wp-content/uploads
FILES:
	not set
EXTS:  not set
----------------------------------------
COMPRESSING
SIZE:	124.27MB
STATS:	Dirs 1,180 | Files 6,994
SQL ADDED: 20200725_carolinamontagne_cd005deedd662f977098_20200815201155_database.sql
ZipArchive Object
(
    [status] => 0
    [statusSys] => 0
    [numFiles] => 8174
    [filename] => C:\xampp\htdocs\CarolinaMontagne\wp-content\backups-dup-lite\tmp\20200725_carolinamontagne_cd005deedd662f977098_20200815201155_archive.zip
    [comment] => 
)

FILE ADDED TO ZIP: 8173
COMPRESSION RESULT: '1'
COMPRESSED SIZE: 39.25MB
ARCHIVE RUNTIME: 43.97 sec.
MEMORY STACK: 8MB
building installer
add_extra_files1
add_extra_files2
add_extra_files3
add_extra_files4
Doing archive file check
add_extra_files5
add_extra_files6
add_extra_files8
Successfully opened zip C:/xampp/htdocs/CarolinaMontagne/wp-content/backups-dup-lite/tmp/20200725_carolinamontagne_cd005deedd662f977098_20200815201155_archive.zip
Adding enhanced installer files to archive using ZipArchive
Installer files added to archive
Added to archive
After ziparchive close when adding installer

********************************************************************************
INTEGRITY CHECKS:
********************************************************************************
SQL FILE: 6.27MB
INSTALLER FILE: 61.32KB
ARCHIVE FILE: 40.77MB 
EXPECTED FILE/DIRECTORY COUNT: 8,174
ACTUAL FILE/DIRECTORY COUNT: 8,173
ARCHIVE CONSISTENCY TEST: Pass

********************************************************************************
RECORD ID:[3]
TOTAL PROCESS RUNTIME: 52.61 sec.
PEAK PHP MEMORY USED: 10MB
DONE PROCESSING => 20200725_carolinamontagne 15/08/2020 8:13 PM

