********************************************************************************
DUPLICATOR-LITE PACKAGE-LOG: 25/07/2020 5:58 PM
NOTICE: Do NOT post to public sites or forums 
********************************************************************************
VERSION:	1.3.36
WORDPRESS:	5.4.2
PHP INFO:	7.4.7 | SAPI: apache2handler
SERVER:		Apache/2.4.43 (Win64) OpenSSL/1.1.1g PHP/7.4.7 
PHP TIME LIMIT: (0) no time limit imposed 
PHP MAX MEMORY: 4294967296 (512M default) 
MEMORY STACK: 6MB

********************************************************************************
DATABASE:
********************************************************************************
BUILD MODE:   MYSQLDUMP
MYSQLTIMEOUT: 5000
MYSQLDUMP:    Is Supported
SQL CREATED: 20200725_carolinamontagne_dbe9a3a7408e1ff63737_20200725175553_database.sql
SQL FILE SIZE: 3.17MB (3323898)
SQL FILE TIME: 2020-07-25 17:58:27
SQL RUNTIME: 1.96 sec.

********************************************************************************
ARCHIVE (ZIP):
********************************************************************************
ARCHIVE DIR:  C:/xampp/htdocs/CarolinaMontagne
ARCHIVE FILE: 20200725_carolinamontagne_dbe9a3a7408e1ff63737_20200725175553_archive.zip
FILTERS: *OFF*
DIRS:
	not set
FILES:
	not set
EXTS:  not set
----------------------------------------
COMPRESSING
SIZE:	168.22MB
STATS:	Dirs 1,108 | Files 10,232
SQL ADDED: 20200725_carolinamontagne_dbe9a3a7408e1ff63737_20200725175553_database.sql
ZipArchive Object
(
    [status] => 0
    [statusSys] => 0
    [numFiles] => 11340
    [filename] => C:\xampp\htdocs\CarolinaMontagne\wp-content\backups-dup-lite\tmp\20200725_carolinamontagne_dbe9a3a7408e1ff63737_20200725175553_archive.zip
    [comment] => 
)

FILE ADDED TO ZIP: 11339
COMPRESSION RESULT: '1'
COMPRESSED SIZE: 94.77MB
ARCHIVE RUNTIME: 69.65 sec.
MEMORY STACK: 10MB
building installer
add_extra_files1
add_extra_files2
add_extra_files3
add_extra_files4
Doing archive file check
add_extra_files5
add_extra_files6
add_extra_files8
Successfully opened zip C:/xampp/htdocs/CarolinaMontagne/wp-content/backups-dup-lite/tmp/20200725_carolinamontagne_dbe9a3a7408e1ff63737_20200725175553_archive.zip
Adding enhanced installer files to archive using ZipArchive
Installer files added to archive
Added to archive
After ziparchive close when adding installer

********************************************************************************
INTEGRITY CHECKS:
********************************************************************************
SQL FILE: 3.17MB
INSTALLER FILE: 61.32KB
ARCHIVE FILE: 96.39MB 
EXPECTED FILE/DIRECTORY COUNT: 11,340
ACTUAL FILE/DIRECTORY COUNT: 11,339
ARCHIVE CONSISTENCY TEST: Pass

********************************************************************************
RECORD ID:[1]
TOTAL PROCESS RUNTIME: 76.88 sec.
PEAK PHP MEMORY USED: 12MB
DONE PROCESSING => 20200725_carolinamontagne 25/07/2020 5:59 PM

